
App start
App endApp start
App end

App start
App end
Wed Dec 22 12:46:15 MSK 2021: App start
Wed Dec 22 12:46:15 MSK 2021: App end
Wed Dec 22 12:51:21 MSK 2021: App start
Wed Dec 22 12:51:21 MSK 2021: App end
Wed Dec 22 13:18:02 MSK 2021: App start
Wed Dec 22 13:18:02 MSK 2021: App end
Wed Dec 22 13:18:38 MSK 2021: App start
Wed Dec 22 13:18:38 MSK 2021: App end
Wed Dec 22 13:37:52 MSK 2021: App start
Wed Dec 22 13:37:53 MSK 2021: App end
Wed Dec 22 13:39:56 MSK 2021: App start
Wed Dec 22 13:39:58 MSK 2021: Copy file C:\MyApp\orDir\Test.txt error!
Wed Dec 22 13:39:58 MSK 2021: App end
Wed Dec 22 13:43:07 MSK 2021: App start
Wed Dec 22 13:43:07 MSK 2021: App end
Wed Dec 22 13:43:31 MSK 2021: App start
Wed Dec 22 13:43:33 MSK 2021: App end
Wed Dec 22 13:59:53 MSK 2021: App start
Wed Dec 22 13:59:55 MSK 2021: App end
Wed Dec 22 14:03:44 MSK 2021: App start
Wed Dec 22 14:03:44 MSK 2021: App end
Wed Dec 22 14:05:06 MSK 2021: App start
Wed Dec 22 14:05:06 MSK 2021: App end
Wed Dec 22 14:17:17 MSK 2021: App start
Wed Dec 22 14:17:17 MSK 2021: App end
Wed Dec 22 14:18:17 MSK 2021: App start
Wed Dec 22 14:18:17 MSK 2021: App end
Wed Dec 22 14:19:09 MSK 2021: App start
Wed Dec 22 14:19:11 MSK 2021: App end
Wed Dec 22 15:16:23 MSK 2021: App start
Wed Dec 22 15:16:23 MSK 2021: App end
Wed Dec 22 15:19:24 MSK 2021: App start
Wed Dec 22 15:19:24 MSK 2021: App end
Wed Dec 22 15:19:51 MSK 2021: App start
Wed Dec 22 15:19:51 MSK 2021: App end
Wed Dec 22 15:57:42 MSK 2021: App start
Wed Dec 22 15:57:43 MSK 2021: App end
Wed Dec 22 15:58:09 MSK 2021: App start
Wed Dec 22 15:58:09 MSK 2021: App end
Wed Dec 22 16:07:39 MSK 2021: App start
Wed Dec 22 16:07:39 MSK 2021: Copy file C:\MyApp\orDir\2_practice_1.mp4    OK
Wed Dec 22 16:07:39 MSK 2021: Copy file C:\MyApp\orDir\check_tnd    OK
Wed Dec 22 16:07:39 MSK 2021: Copy file C:\MyApp\orDir\Test.txt    OK
Wed Dec 22 16:07:39 MSK 2021: Copy file C:\MyApp\orDir\Для Колодченко    OK
Wed Dec 22 16:07:39 MSK 2021: Copy file C:\MyApp\orDir\check_tnd\check_tnd.cfg    OK
Wed Dec 22 16:07:39 MSK 2021: Copy file C:\MyApp\orDir\check_tnd\wdwdw    OK
Wed Dec 22 16:07:39 MSK 2021: Copy file C:\MyApp\orDir\Для Колодченко\IKLM.00172-02_94_04-I_v8.doc    OK
Wed Dec 22 16:07:39 MSK 2021: Copy file C:\MyApp\orDir\Для Колодченко\IKLM.00204-01_95_04_v35_AZol.doc    OK
Wed Dec 22 16:07:39 MSK 2021: Copy file C:\MyApp\orDir\Для Колодченко\Реш. ГК 340-12-413_УКХИ.pdf    OK
Wed Dec 22 16:07:39 MSK 2021: Copy file C:\MyApp\orDir\Для Колодченко\Реш.340-12-242 ТНД-ТЕХН.pdf    OK
Wed Dec 22 16:07:39 MSK 2021: Copy file C:\MyApp\orDir\check_tnd\wdwdw\check_tnd.sh    OK
Wed Dec 22 16:07:39 MSK 2021: App end
Wed Dec 22 16:08:07 MSK 2021: App start
Wed Dec 22 16:08:07 MSK 2021: Copy file C:\MyApp\orDir\2_practice_1.mp4    OK
Wed Dec 22 16:08:07 MSK 2021: Copy file C:\MyApp\orDir\check_tnd    OK
Wed Dec 22 16:08:07 MSK 2021: Copy file C:\MyApp\orDir\Test.txt    OK
Wed Dec 22 16:08:07 MSK 2021: Copy file C:\MyApp\orDir\Для Колодченко    OK
Wed Dec 22 16:08:07 MSK 2021: Copy file C:\MyApp\orDir\check_tnd\check_tnd.cfg    OK
Wed Dec 22 16:08:07 MSK 2021: Copy file C:\MyApp\orDir\check_tnd\wdwdw    OK
Wed Dec 22 16:08:07 MSK 2021: Copy file C:\MyApp\orDir\Для Колодченко\IKLM.00172-02_94_04-I_v8.doc    OK
Wed Dec 22 16:08:07 MSK 2021: Copy file C:\MyApp\orDir\Для Колодченко\IKLM.00204-01_95_04_v35_AZol.doc    OK
Wed Dec 22 16:08:07 MSK 2021: Copy file C:\MyApp\orDir\Для Колодченко\Реш. ГК 340-12-413_УКХИ.pdf    OK
Wed Dec 22 16:08:07 MSK 2021: Copy file C:\MyApp\orDir\Для Колодченко\Реш.340-12-242 ТНД-ТЕХН.pdf    OK
Wed Dec 22 16:08:07 MSK 2021: Copy file C:\MyApp\orDir\check_tnd\wdwdw\check_tnd.sh    OK
Wed Dec 22 16:08:07 MSK 2021: App end
Wed Dec 22 16:17:12 MSK 2021: App start
Wed Dec 22 16:17:13 MSK 2021: Copy file C:\MyApp\orDir\2_practice_1.mp4    OK
Wed Dec 22 16:17:13 MSK 2021: Copy file C:\MyApp\orDir\check_tnd    ERROR!
Wed Dec 22 16:17:13 MSK 2021: Copy file C:\MyApp\orDir\Test.txt    OK
Wed Dec 22 16:17:13 MSK 2021: Copy file C:\MyApp\orDir\Для Колодченко    ERROR!
Wed Dec 22 16:17:13 MSK 2021: Copy file C:\MyApp\orDir\check_tnd\check_tnd.cfg    OK
Wed Dec 22 16:17:13 MSK 2021: Copy file C:\MyApp\orDir\check_tnd\wdwdw    ERROR!
Wed Dec 22 16:17:13 MSK 2021: Copy file C:\MyApp\orDir\Для Колодченко\IKLM.00172-02_94_04-I_v8.doc    OK
Wed Dec 22 16:17:13 MSK 2021: Copy file C:\MyApp\orDir\Для Колодченко\IKLM.00204-01_95_04_v35_AZol.doc    OK
Wed Dec 22 16:17:13 MSK 2021: Copy file C:\MyApp\orDir\Для Колодченко\Реш. ГК 340-12-413_УКХИ.pdf    OK
Wed Dec 22 16:17:13 MSK 2021: Copy file C:\MyApp\orDir\Для Колодченко\Реш.340-12-242 ТНД-ТЕХН.pdf    OK
Wed Dec 22 16:17:13 MSK 2021: Copy file C:\MyApp\orDir\check_tnd\wdwdw\check_tnd.sh    OK
Wed Dec 22 16:17:13 MSK 2021: App end
Wed Dec 22 16:18:03 MSK 2021: App start
Wed Dec 22 16:18:05 MSK 2021: Copy file C:\MyApp\orDir\2_practice_1.mp4    OK
Wed Dec 22 16:18:05 MSK 2021: Copy file C:\MyApp\orDir\check_tnd    OK
Wed Dec 22 16:18:05 MSK 2021: Copy file C:\MyApp\orDir\Test.txt    OK
Wed Dec 22 16:18:05 MSK 2021: Copy file C:\MyApp\orDir\Для Колодченко    OK
Wed Dec 22 16:18:05 MSK 2021: Copy file C:\MyApp\orDir\check_tnd\check_tnd.cfg    OK
Wed Dec 22 16:18:05 MSK 2021: Copy file C:\MyApp\orDir\check_tnd\wdwdw    OK
Wed Dec 22 16:18:05 MSK 2021: Copy file C:\MyApp\orDir\Для Колодченко\IKLM.00172-02_94_04-I_v8.doc    OK
Wed Dec 22 16:18:05 MSK 2021: Copy file C:\MyApp\orDir\Для Колодченко\IKLM.00204-01_95_04_v35_AZol.doc    OK
Wed Dec 22 16:18:05 MSK 2021: Copy file C:\MyApp\orDir\Для Колодченко\Реш. ГК 340-12-413_УКХИ.pdf    OK
Wed Dec 22 16:18:05 MSK 2021: Copy file C:\MyApp\orDir\Для Колодченко\Реш.340-12-242 ТНД-ТЕХН.pdf    OK
Wed Dec 22 16:18:05 MSK 2021: Copy file C:\MyApp\orDir\check_tnd\wdwdw\check_tnd.sh    OK
Wed Dec 22 16:18:05 MSK 2021: App end
Wed Dec 22 16:23:48 MSK 2021: App start
Wed Dec 22 16:23:50 MSK 2021: Copy file C:\MyApp\orDir\2_practice_1.mp4    OK
Wed Dec 22 16:23:50 MSK 2021: Copy file C:\MyApp\orDir\Test.txt    OK
Wed Dec 22 16:23:50 MSK 2021: Copy file C:\MyApp\orDir\check_tnd\check_tnd.cfg    OK
Wed Dec 22 16:23:50 MSK 2021: Copy file C:\MyApp\orDir\Для Колодченко\IKLM.00172-02_94_04-I_v8.doc    OK
Wed Dec 22 16:23:50 MSK 2021: Copy file C:\MyApp\orDir\Для Колодченко\IKLM.00204-01_95_04_v35_AZol.doc    OK
Wed Dec 22 16:23:50 MSK 2021: Copy file C:\MyApp\orDir\Для Колодченко\Реш. ГК 340-12-413_УКХИ.pdf    OK
Wed Dec 22 16:23:50 MSK 2021: Copy file C:\MyApp\orDir\Для Колодченко\Реш.340-12-242 ТНД-ТЕХН.pdf    OK
Wed Dec 22 16:23:50 MSK 2021: Copy file C:\MyApp\orDir\check_tnd\wdwdw\check_tnd.sh    OK
Wed Dec 22 16:23:50 MSK 2021: App end
Wed Dec 22 16:25:15 MSK 2021: App start
Wed Dec 22 16:25:16 MSK 2021: OK      Copy file C:\MyApp\orDir\2_practice_1.mp4
Wed Dec 22 16:25:16 MSK 2021: OK      Copy file C:\MyApp\orDir\Test.txt
Wed Dec 22 16:25:16 MSK 2021: OK      Copy file C:\MyApp\orDir\check_tnd\check_tnd.cfg
Wed Dec 22 16:25:16 MSK 2021: OK      Copy file C:\MyApp\orDir\Для Колодченко\IKLM.00172-02_94_04-I_v8.doc
Wed Dec 22 16:25:16 MSK 2021: OK      Copy file C:\MyApp\orDir\Для Колодченко\IKLM.00204-01_95_04_v35_AZol.doc
Wed Dec 22 16:25:16 MSK 2021: OK      Copy file C:\MyApp\orDir\Для Колодченко\Реш. ГК 340-12-413_УКХИ.pdf
Wed Dec 22 16:25:17 MSK 2021: OK      Copy file C:\MyApp\orDir\Для Колодченко\Реш.340-12-242 ТНД-ТЕХН.pdf
Wed Dec 22 16:25:17 MSK 2021: OK      Copy file C:\MyApp\orDir\check_tnd\wdwdw\check_tnd.sh
Wed Dec 22 16:25:17 MSK 2021: App end
Wed Dec 22 16:26:14 MSK 2021: App start
Wed Dec 22 16:26:15 MSK 2021: OK      File: C:\MyApp\orDir\2_practice_1.mp4
Wed Dec 22 16:26:15 MSK 2021: OK      File: C:\MyApp\orDir\Test.txt
Wed Dec 22 16:26:15 MSK 2021: OK      File: C:\MyApp\orDir\check_tnd\check_tnd.cfg
Wed Dec 22 16:26:15 MSK 2021: OK      File: C:\MyApp\orDir\Для Колодченко\IKLM.00172-02_94_04-I_v8.doc
Wed Dec 22 16:26:15 MSK 2021: OK      File: C:\MyApp\orDir\Для Колодченко\IKLM.00204-01_95_04_v35_AZol.doc
Wed Dec 22 16:26:15 MSK 2021: OK      File: C:\MyApp\orDir\Для Колодченко\Реш. ГК 340-12-413_УКХИ.pdf
Wed Dec 22 16:26:15 MSK 2021: OK      File: C:\MyApp\orDir\Для Колодченко\Реш.340-12-242 ТНД-ТЕХН.pdf
Wed Dec 22 16:26:15 MSK 2021: OK      File: C:\MyApp\orDir\check_tnd\wdwdw\check_tnd.sh
Wed Dec 22 16:26:15 MSK 2021: App end
Wed Dec 22 16:29:43 MSK 2021: App start
Wed Dec 22 16:29:44 MSK 2021: OK      File: C:\MyApp\orDir\2_practice_1.mp4
Wed Dec 22 16:29:44 MSK 2021: OK      File: C:\MyApp\orDir\Test.txt
Wed Dec 22 16:29:44 MSK 2021: OK      File: C:\MyApp\orDir\check_tnd\check_tnd.cfg
Wed Dec 22 16:29:44 MSK 2021: OK      File: C:\MyApp\orDir\Для Колодченко\IKLM.00172-02_94_04-I_v8.doc
Wed Dec 22 16:29:44 MSK 2021: OK      File: C:\MyApp\orDir\Для Колодченко\IKLM.00204-01_95_04_v35_AZol.doc
Wed Dec 22 16:29:44 MSK 2021: OK      File: C:\MyApp\orDir\Для Колодченко\Реш. ГК 340-12-413_УКХИ.pdf
Wed Dec 22 16:29:44 MSK 2021: OK      File: C:\MyApp\orDir\Для Колодченко\Реш.340-12-242 ТНД-ТЕХН.pdf
Wed Dec 22 16:29:44 MSK 2021: OK      File: C:\MyApp\orDir\check_tnd\wdwdw\check_tnd.sh
Wed Dec 22 16:29:44 MSK 2021: App end
Wed Dec 22 16:30:08 MSK 2021: App start
Wed Dec 22 16:30:09 MSK 2021:   OK      File: C:\MyApp\orDir\2_practice_1.mp4
Wed Dec 22 16:30:09 MSK 2021:   OK      File: C:\MyApp\orDir\Test.txt
Wed Dec 22 16:30:09 MSK 2021:   OK      File: C:\MyApp\orDir\check_tnd\check_tnd.cfg
Wed Dec 22 16:30:09 MSK 2021:   OK      File: C:\MyApp\orDir\Для Колодченко\IKLM.00172-02_94_04-I_v8.doc
Wed Dec 22 16:30:09 MSK 2021:   OK      File: C:\MyApp\orDir\Для Колодченко\IKLM.00204-01_95_04_v35_AZol.doc
Wed Dec 22 16:30:09 MSK 2021:   OK      File: C:\MyApp\orDir\Для Колодченко\Реш. ГК 340-12-413_УКХИ.pdf
Wed Dec 22 16:30:09 MSK 2021:   OK      File: C:\MyApp\orDir\Для Колодченко\Реш.340-12-242 ТНД-ТЕХН.pdf
Wed Dec 22 16:30:09 MSK 2021:   OK      File: C:\MyApp\orDir\check_tnd\wdwdw\check_tnd.sh
Wed Dec 22 16:30:09 MSK 2021: App end
Wed Dec 22 16:30:39 MSK 2021: App start
Wed Dec 22 16:30:40 MSK 2021:   OK     C:\MyApp\orDir\2_practice_1.mp4
Wed Dec 22 16:30:40 MSK 2021:   OK     C:\MyApp\orDir\Test.txt
Wed Dec 22 16:30:40 MSK 2021:   OK     C:\MyApp\orDir\check_tnd\check_tnd.cfg
Wed Dec 22 16:30:40 MSK 2021:   OK     C:\MyApp\orDir\Для Колодченко\IKLM.00172-02_94_04-I_v8.doc
Wed Dec 22 16:30:40 MSK 2021:   OK     C:\MyApp\orDir\Для Колодченко\IKLM.00204-01_95_04_v35_AZol.doc
Wed Dec 22 16:30:40 MSK 2021:   OK     C:\MyApp\orDir\Для Колодченко\Реш. ГК 340-12-413_УКХИ.pdf
Wed Dec 22 16:30:40 MSK 2021:   OK     C:\MyApp\orDir\Для Колодченко\Реш.340-12-242 ТНД-ТЕХН.pdf
Wed Dec 22 16:30:40 MSK 2021:   OK     C:\MyApp\orDir\check_tnd\wdwdw\check_tnd.sh
Wed Dec 22 16:30:40 MSK 2021: App end
Wed Dec 22 16:38:38 MSK 2021: App start
Wed Dec 22 16:38:39 MSK 2021:   OK     C:\MyApp\orDir\2_practice_1.mp4
Wed Dec 22 16:38:39 MSK 2021:   OK     C:\MyApp\orDir\Test.txt
Wed Dec 22 16:38:39 MSK 2021:   OK     C:\MyApp\orDir\check_tnd\check_tnd.cfg
Wed Dec 22 16:38:39 MSK 2021:   OK     C:\MyApp\orDir\Для Колодченко\IKLM.00172-02_94_04-I_v8.doc
Wed Dec 22 16:38:39 MSK 2021:   OK     C:\MyApp\orDir\Для Колодченко\IKLM.00204-01_95_04_v35_AZol.doc
Wed Dec 22 16:38:39 MSK 2021:   OK     C:\MyApp\orDir\Для Колодченко\Реш. ГК 340-12-413_УКХИ.pdf
Wed Dec 22 16:38:39 MSK 2021:   OK     C:\MyApp\orDir\Для Колодченко\Реш.340-12-242 ТНД-ТЕХН.pdf
Wed Dec 22 16:38:39 MSK 2021:   OK     C:\MyApp\orDir\check_tnd\wdwdw\check_tnd.sh
Wed Dec 22 16:38:39 MSK 2021: App end
Wed Dec 22 16:47:04 MSK 2021: App start
Wed Dec 22 16:47:05 MSK 2021:   OK     C:\MyApp\orDir\2_practice_1.mp4
Wed Dec 22 16:47:05 MSK 2021:   OK     C:\MyApp\orDir\Test.txt
Wed Dec 22 16:47:05 MSK 2021:   OK     C:\MyApp\orDir\check_tnd\check_tnd.cfg
Wed Dec 22 16:47:05 MSK 2021:   OK     C:\MyApp\orDir\Для Колодченко\IKLM.00172-02_94_04-I_v8.doc
Wed Dec 22 16:47:05 MSK 2021:   OK     C:\MyApp\orDir\Для Колодченко\IKLM.00204-01_95_04_v35_AZol.doc
Wed Dec 22 16:47:05 MSK 2021:   OK     C:\MyApp\orDir\Для Колодченко\Реш. ГК 340-12-413_УКХИ.pdf
Wed Dec 22 16:47:05 MSK 2021:   OK     C:\MyApp\orDir\Для Колодченко\Реш.340-12-242 ТНД-ТЕХН.pdf
Wed Dec 22 16:47:05 MSK 2021:   OK     C:\MyApp\orDir\check_tnd\wdwdw\check_tnd.sh
Wed Dec 22 16:47:05 MSK 2021: App end
Thu Dec 23 15:17:33 MSK 2021: App start
Thu Dec 23 15:17:33 MSK 2021: App end
Thu Dec 23 15:19:17 MSK 2021: App start
Thu Dec 23 15:19:17 MSK 2021: App end
Thu Dec 23 15:20:14 MSK 2021: App start
Thu Dec 23 15:20:14 MSK 2021: App end
Thu Dec 23 15:20:57 MSK 2021: App start
Thu Dec 23 15:20:57 MSK 2021: App end
Thu Dec 23 15:20:59 MSK 2021:   OK     C:\MyApp\orDir\2_practice_1.mp4
Thu Dec 23 15:20:59 MSK 2021:   OK     C:\MyApp\orDir\Test.txt
Thu Dec 23 15:20:59 MSK 2021:   OK     C:\MyApp\orDir\check_tnd\check_tnd.cfg
Thu Dec 23 15:20:59 MSK 2021:   OK     C:\MyApp\orDir\Для Колодченко\IKLM.00172-02_94_04-I_v8.doc
Thu Dec 23 15:20:59 MSK 2021:   OK     C:\MyApp\orDir\Для Колодченко\IKLM.00204-01_95_04_v35_AZol.doc
Thu Dec 23 15:20:59 MSK 2021:   OK     C:\MyApp\orDir\Для Колодченко\Реш. ГК 340-12-413_УКХИ.pdf
Thu Dec 23 15:20:59 MSK 2021:   OK     C:\MyApp\orDir\Для Колодченко\Реш.340-12-242 ТНД-ТЕХН.pdf
Thu Dec 23 15:20:59 MSK 2021:   OK     C:\MyApp\orDir\check_tnd\wdwdw\check_tnd.sh
Thu Dec 23 15:21:23 MSK 2021:   OK     C:\MyApp\orDir\2_practice_1.mp4
Thu Dec 23 15:21:23 MSK 2021:   OK     C:\MyApp\orDir\Test.txt
Thu Dec 23 15:21:23 MSK 2021:   OK     C:\MyApp\orDir\check_tnd\check_tnd.cfg
Thu Dec 23 15:21:23 MSK 2021:   OK     C:\MyApp\orDir\Для Колодченко\IKLM.00172-02_94_04-I_v8.doc
Thu Dec 23 15:21:23 MSK 2021:   OK     C:\MyApp\orDir\Для Колодченко\IKLM.00204-01_95_04_v35_AZol.doc
Thu Dec 23 15:21:23 MSK 2021:   OK     C:\MyApp\orDir\Для Колодченко\Реш. ГК 340-12-413_УКХИ.pdf
Thu Dec 23 15:21:23 MSK 2021:   OK     C:\MyApp\orDir\Для Колодченко\Реш.340-12-242 ТНД-ТЕХН.pdf
Thu Dec 23 15:21:23 MSK 2021:   OK     C:\MyApp\orDir\check_tnd\wdwdw\check_tnd.sh
Thu Dec 23 15:27:03 MSK 2021: App start
Thu Dec 23 15:27:03 MSK 2021: App end
Thu Dec 23 15:27:09 MSK 2021:   OK     C:\MyApp\orDir\2_practice_1.mp4
Thu Dec 23 15:27:09 MSK 2021:   OK     C:\MyApp\orDir\Test.txt
Thu Dec 23 15:27:09 MSK 2021:   OK     C:\MyApp\orDir\check_tnd\check_tnd.cfg
Thu Dec 23 15:27:09 MSK 2021:   OK     C:\MyApp\orDir\Для Колодченко\IKLM.00172-02_94_04-I_v8.doc
Thu Dec 23 15:27:09 MSK 2021:   OK     C:\MyApp\orDir\Для Колодченко\IKLM.00204-01_95_04_v35_AZol.doc
Thu Dec 23 15:27:09 MSK 2021:   OK     C:\MyApp\orDir\Для Колодченко\Реш. ГК 340-12-413_УКХИ.pdf
Thu Dec 23 15:27:09 MSK 2021:   OK     C:\MyApp\orDir\Для Колодченко\Реш.340-12-242 ТНД-ТЕХН.pdf
Thu Dec 23 15:27:09 MSK 2021:   OK     C:\MyApp\orDir\check_tnd\wdwdw\check_tnd.sh
Thu Dec 23 16:06:37 MSK 2021: App start
Thu Dec 23 16:06:37 MSK 2021: App end
Thu Dec 23 16:06:53 MSK 2021:   OK     C:\MyApp\orDir\2_practice_1.mp4
Thu Dec 23 16:06:53 MSK 2021:   OK     C:\MyApp\orDir\Test.txt
Thu Dec 23 16:06:53 MSK 2021:   OK     C:\MyApp\orDir\check_tnd\check_tnd.cfg
Thu Dec 23 16:06:53 MSK 2021:   OK     C:\MyApp\orDir\Для Колодченко\IKLM.00172-02_94_04-I_v8.doc
Thu Dec 23 16:06:53 MSK 2021:   OK     C:\MyApp\orDir\Для Колодченко\IKLM.00204-01_95_04_v35_AZol.doc
Thu Dec 23 16:06:53 MSK 2021:   OK     C:\MyApp\orDir\Для Колодченко\Реш. ГК 340-12-413_УКХИ.pdf
Thu Dec 23 16:06:53 MSK 2021:   OK     C:\MyApp\orDir\Для Колодченко\Реш.340-12-242 ТНД-ТЕХН.pdf
Thu Dec 23 16:06:53 MSK 2021:   OK     C:\MyApp\orDir\check_tnd\wdwdw\check_tnd.sh
Thu Dec 23 16:09:41 MSK 2021: App start
Thu Dec 23 16:09:41 MSK 2021: App end
Thu Dec 23 16:15:04 MSK 2021: App start
Thu Dec 23 16:15:04 MSK 2021: App end
Fri Dec 24 11:27:52 MSK 2021: App start
Fri Dec 24 11:27:52 MSK 2021: App end